File created on : Thu Jun 27 18:48:58 IST 2013 
Hostname : webonise-desktop   file updated on :  Thu Jun 27 18:48:58 IST 2013 
os details  :
Distributor ID:	Ubuntu
Description:	Ubuntu 12.04.1 LTS
Release:	12.04
Codename:	precise  file updated on :  Thu Jun 27 18:48:58 IST 2013 
full path of current directory  : /home/webonise/Priyanka_bhoir/assignments/new_assignment  file updated on :  Thu Jun 27 18:48:58 IST 2013 
Logged on users : webonise tty7         2013-06-27 09:03
webonise pts/2        2013-06-27 09:07 (:0)
webonise pts/3        2013-06-27 12:56 (:0)
guest-3MjOmO tty8         2013-06-27 14:39 file updated on : Thu Jun 27 18:48:58 IST 2013 
groups i am belongs to  : webonise adm cdrom sudo dip plugdev lpadmin sambashare file updated on : Thu Jun 27 18:48:58 IST 2013 
 rename all text files :abc_abc.txt
abc_hehehe.txt
abc_x-ray.txt
alohamora.c
assign6_1.sh
assign6_2.sh
assign6_2.sh~
assignment.log
b.mp3
public_html
README.md
x.gif
xxx.cpp  updated on Thu Jun 27 18:49:02 IST 2013
 rename all  files starting with x abc_abc.txt
abc_.gif
abc_hehehe.txt
abc_x-ray.txt
abc_xx.cpp
alohamora.c
assign6_1.sh
assign6_2.sh
assign6_2.sh~
assignment.log
b.mp3
public_html
README.md   updated on Thu Jun 27 18:49:02 IST 2013 
